[handleMsg]:  {
  key: {
    remoteJid: '573161797912@s.whatsapp.net',
    fromMe: false,
    id: '70E32914E5FA24B18F8B0C89AE4EEC15',
    participant: undefined
  },
  messageTimestamp: 1755375627,
  pushName: 'ancizardejesusballesterosorozc',
  broadcast: false,
  message: Message {
    conversation: 'Hola',
    messageContextInfo: MessageContextInfo {
      deviceListMetadata: [DeviceListMetadata],
      deviceListMetadataVersion: 2,
      messageSecret: [Uint8Array]
    }
  },
  body: 'Hola',
  from: '573161797912'
}
[QUEUE_SE_ENVIO]:  {
  ref: 'ans_498cd96d-2ee4-46f9-ae42-1141afd6e604',
  keyword: 'key_f27ec107-f825-4eae-95de-47ed3f54b664',
  answer: '👋 Hola dime qué necesitas para hoy.',
  options: {
    media: null,
    buttons: [],
    capture: false,
    child: null,
    delay: 0,
    idle: null,
    ref: null,
    nested: [],
    keyword: {},
    callback: false
  },
  refSerialize: '34c356b84af5915b4d95c47d14f8a1c6'
}
[QUEUE_SE_ENVIO]:  {
  ref: 'ans_bf3d0f48-06ff-440b-8aa7-61dfde9e17da',
  keyword: 'ans_498cd96d-2ee4-46f9-ae42-1141afd6e604',
  answer: 'Estos son nuestros servicios:',
  options: {
    media: null,
    buttons: [],
    capture: false,
    child: null,
    delay: 0,
    idle: null,
    ref: null,
    nested: [],
    keyword: {},
    callback: true
  },
  refSerialize: 'babb877c135032d03034f125c30f6d3e'
}
[handleMsg]:  {
  key: {
    remoteJid: '573161797912@s.whatsapp.net',
    fromMe: false,
    id: '6BC7DBF19644CFD41C886B2AFDC90776',
    participant: undefined
  },
  messageTimestamp: 1755375633,
  pushName: 'ancizardejesusballesterosorozc',
  broadcast: false,
  message: Message {
    conversation: '2',
    messageContextInfo: MessageContextInfo {
      deviceListMetadata: [DeviceListMetadata],
      deviceListMetadataVersion: 2,
      messageSecret: [Uint8Array]
    }
  },
  body: '2',
  from: '573161797912'
}
[QUEUE_SE_ENVIO]:  {
  ref: 'ans_b2b50809-0311-4310-9613-ca4cc7dcf7e6',
  keyword: 'key_fc9d2d2a-5d63-4022-8ba1-983dd1b04825',
  answer: '__call_action__',
  options: {
    media: null,
    buttons: [],
    capture: false,
    child: null,
    delay: 0,
    idle: null,
    ref: null,
    nested: [],
    keyword: {},
    callback: true
  },
  refSerialize: 'e50d369fb58159b5afcdcd1cce9a09c2'
}
[handleMsg]:  {
  key: {
    remoteJid: '573161797912@s.whatsapp.net',
    fromMe: false,
    id: 'FACC68426D912669C2D2FB016A342A6D',
    participant: undefined
  },
  messageTimestamp: 1755375645,
  pushName: 'ancizardejesusballesterosorozc',
  broadcast: false,
  message: Message {
    conversation: '3',
    messageContextInfo: MessageContextInfo {
      deviceListMetadata: [DeviceListMetadata],
      deviceListMetadataVersion: 2,
      messageSecret: [Uint8Array]
    }
  },
  body: '3',
  from: '573161797912'
}
[QUEUE_SE_ENVIO]:  {
  ref: 'ans_b2b50809-0311-4310-9613-ca4cc7dcf7e6',
  keyword: 'key_fc9d2d2a-5d63-4022-8ba1-983dd1b04825',
  answer: '__call_action__',
  options: {
    media: null,
    buttons: [],
    capture: false,
    child: null,
    delay: 0,
    idle: null,
    ref: null,
    nested: [],
    keyword: {},
    callback: true
  },
  refSerialize: 'e50d369fb58159b5afcdcd1cce9a09c2'
}
[handleMsg]:  {
  key: {
    remoteJid: '573161797912@s.whatsapp.net',
    fromMe: false,
    id: '652BB9478304BF2AAF5D4DB4048B5DBD',
    participant: undefined
  },
  messageTimestamp: 1755375671,
  pushName: 'ancizardejesusballesterosorozc',
  broadcast: false,
  message: Message {
    conversation: '1',
    messageContextInfo: MessageContextInfo {
      deviceListMetadata: [DeviceListMetadata],
      deviceListMetadataVersion: 2,
      messageSecret: [Uint8Array]
    }
  },
  body: '1',
  from: '573161797912'
}
[QUEUE_SE_ENVIO]:  {
  ref: 'ans_b2b50809-0311-4310-9613-ca4cc7dcf7e6',
  keyword: 'key_fc9d2d2a-5d63-4022-8ba1-983dd1b04825',
  answer: '__call_action__',
  options: {
    media: null,
    buttons: [],
    capture: false,
    child: null,
    delay: 0,
    idle: null,
    ref: null,
    nested: [],
    keyword: {},
    callback: true
  },
  refSerialize: 'e50d369fb58159b5afcdcd1cce9a09c2'
}
[handleMsg]:  {
  key: {
    remoteJid: '573128556510@s.whatsapp.net',
    fromMe: false,
    id: 'B8B1F21371978F832A2A15EFE11554A8',
    participant: undefined
  },
  messageTimestamp: 1755376842,
  pushName: 'María C Ricardo',
  broadcast: false,
  message: Message {
    extendedTextMessage: ExtendedTextMessage {
      text: 'Olé',
      previewType: 0,
      contextInfo: [ContextInfo],
      inviteLinkGroupTypeV2: 0
    },
    messageContextInfo: MessageContextInfo {
      deviceListMetadata: [DeviceListMetadata],
      deviceListMetadataVersion: 2,
      messageSecret: [Uint8Array]
    }
  },
  body: 'Olé',
  from: '573128556510'
}
[QUEUE_SE_ENVIO]:  {
  ref: 'ans_b2b50809-0311-4310-9613-ca4cc7dcf7e6',
  keyword: 'key_fc9d2d2a-5d63-4022-8ba1-983dd1b04825',
  answer: '__call_action__',
  options: {
    media: null,
    buttons: [],
    capture: false,
    child: null,
    delay: 0,
    idle: null,
    ref: null,
    nested: [],
    keyword: {},
    callback: true
  },
  refSerialize: 'e50d369fb58159b5afcdcd1cce9a09c2'
}
[handleMsg]:  {
  key: {
    remoteJid: '573128556510@s.whatsapp.net',
    fromMe: false,
    id: 'BDDFB2392C486A47E39402E0647014B1',
    participant: undefined
  },
  messageTimestamp: 1755376855,
  pushName: 'María C Ricardo',
  broadcast: false,
  message: Message {
    extendedTextMessage: ExtendedTextMessage {
      text: 'Ya casi salen',
      previewType: 0,
      contextInfo: [ContextInfo],
      inviteLinkGroupTypeV2: 0
    },
    messageContextInfo: MessageContextInfo {
      deviceListMetadata: [DeviceListMetadata],
      deviceListMetadataVersion: 2,
      messageSecret: [Uint8Array]
    }
  },
  body: 'Ya casi salen',
  from: '573128556510'
}
[QUEUE_SE_ENVIO]:  {
  ref: 'ans_b2b50809-0311-4310-9613-ca4cc7dcf7e6',
  keyword: 'key_fc9d2d2a-5d63-4022-8ba1-983dd1b04825',
  answer: '__call_action__',
  options: {
    media: null,
    buttons: [],
    capture: false,
    child: null,
    delay: 0,
    idle: null,
    ref: null,
    nested: [],
    keyword: {},
    callback: true
  },
  refSerialize: 'e50d369fb58159b5afcdcd1cce9a09c2'
}
[handleMsg]:  {
  key: {
    remoteJid: '573128556510@s.whatsapp.net',
    fromMe: false,
    id: 'F28B04CA801AB9844DAF16036C58E6BF',
    participant: undefined
  },
  messageTimestamp: 1755376878,
  pushName: 'María C Ricardo',
  broadcast: false,
  message: Message {
    extendedTextMessage: ExtendedTextMessage {
      text: 'A okey',
      previewType: 0,
      contextInfo: [ContextInfo],
      inviteLinkGroupTypeV2: 0
    },
    messageContextInfo: MessageContextInfo {
      deviceListMetadata: [DeviceListMetadata],
      deviceListMetadataVersion: 2,
      messageSecret: [Uint8Array]
    }
  },
  body: 'A okey',
  from: '573128556510'
}
[QUEUE_SE_ENVIO]:  {
  ref: 'ans_b2b50809-0311-4310-9613-ca4cc7dcf7e6',
  keyword: 'key_fc9d2d2a-5d63-4022-8ba1-983dd1b04825',
  answer: '__call_action__',
  options: {
    media: null,
    buttons: [],
    capture: false,
    child: null,
    delay: 0,
    idle: null,
    ref: null,
    nested: [],
    keyword: {},
    callback: true
  },
  refSerialize: 'e50d369fb58159b5afcdcd1cce9a09c2'
}
[handleMsg]:  {
  key: {
    remoteJid: '573128556510@s.whatsapp.net',
    fromMe: false,
    id: 'F9DDBB020F67C24B2C6A4C9B27229984',
    participant: undefined
  },
  messageTimestamp: 1755376893,
  pushName: 'María C Ricardo',
  broadcast: false,
  message: Message {
    extendedTextMessage: ExtendedTextMessage {
      text: 'Jehová los traiga con bien',
      previewType: 0,
      contextInfo: [ContextInfo],
      inviteLinkGroupTypeV2: 0
    },
    messageContextInfo: MessageContextInfo {
      deviceListMetadata: [DeviceListMetadata],
      deviceListMetadataVersion: 2,
      messageSecret: [Uint8Array]
    }
  },
  status: 4,
  body: 'Jehová los traiga con bien',
  from: '573128556510'
}
[QUEUE_SE_ENVIO]:  {
  ref: 'ans_b2b50809-0311-4310-9613-ca4cc7dcf7e6',
  keyword: 'key_fc9d2d2a-5d63-4022-8ba1-983dd1b04825',
  answer: '__call_action__',
  options: {
    media: null,
    buttons: [],
    capture: false,
    child: null,
    delay: 0,
    idle: null,
    ref: null,
    nested: [],
    keyword: {},
    callback: true
  },
  refSerialize: 'e50d369fb58159b5afcdcd1cce9a09c2'
}
